{"C:\\Users\\dbaezasa\\Documents\\On the job\\RP-CRUD-Clientes\\src\\dto\\cliente.dto.ts": {"path":"C:\\Users\\dbaezasa\\Documents\\On the job\\RP-CRUD-Clientes\\src\\dto\\cliente.dto.ts","statementMap":{"0":{"start":{"line":1,"column":0},"end":{"line":1,"column":31}},"1":{"start":{"line":21,"column":8},"end":{"line":21,"column":null}},"2":{"start":{"line":22,"column":8},"end":{"line":22,"column":null}},"3":{"start":{"line":23,"column":8},"end":{"line":23,"column":null}},"4":{"start":{"line":24,"column":8},"end":{"line":24,"column":null}},"5":{"start":{"line":25,"column":8},"end":{"line":25,"column":null}},"6":{"start":{"line":26,"column":8},"end":{"line":26,"column":null}},"7":{"start":{"line":27,"column":8},"end":{"line":27,"column":null}},"8":{"start":{"line":4,"column":0},"end":{"line":4,"column":13}}},"fnMap":{"0":{"name":"(anonymous_0)","decl":{"start":{"line":13,"column":4},"end":{"line":13,"column":16}},"loc":{"start":{"line":19,"column":20},"end":{"line":28,"column":5}}}},"branchMap":{},"s":{"0":2,"1":0,"2":0,"3":0,"4":0,"5":0,"6":0,"7":0,"8":2},"f":{"0":0},"b":{}}
,"C:\\Users\\dbaezasa\\Documents\\On the job\\RP-CRUD-Clientes\\src\\services\\cliente.service.ts": {"path":"C:\\Users\\dbaezasa\\Documents\\On the job\\RP-CRUD-Clientes\\src\\services\\cliente.service.ts","statementMap":{"0":{"start":{"line":2,"column":0},"end":{"line":2,"column":48}},"1":{"start":{"line":6,"column":34},"end":{"line":6,"column":70}},"2":{"start":{"line":9,"column":27},"end":{"line":9,"column":110}},"3":{"start":{"line":10,"column":31},"end":{"line":10,"column":86}},"4":{"start":{"line":11,"column":8},"end":{"line":11,"column":null}},"5":{"start":{"line":15,"column":24},"end":{"line":15,"column":73}},"6":{"start":{"line":16,"column":8},"end":{"line":16,"column":null}},"7":{"start":{"line":5,"column":0},"end":{"line":5,"column":13}}},"fnMap":{"0":{"name":"(anonymous_7)","decl":{"start":{"line":6,"column":4},"end":{"line":6,"column":34}},"loc":{"start":{"line":6,"column":70},"end":{"line":6,"column":73}}},"1":{"name":"(anonymous_8)","decl":{"start":{"line":8,"column":17},"end":{"line":8,"column":32}},"loc":{"start":{"line":8,"column":100},"end":{"line":12,"column":null}}},"2":{"name":"(anonymous_10)","decl":{"start":{"line":14,"column":17},"end":{"line":14,"column":33}},"loc":{"start":{"line":14,"column":45},"end":{"line":17,"column":null}}}},"branchMap":{},"s":{"0":2,"1":2,"2":0,"3":0,"4":0,"5":0,"6":0,"7":2},"f":{"0":2,"1":0,"2":0},"b":{}}
}
